-------------------------------------------------------------------------------
Test set: com.qa.singleton.PageTest
-------------------------------------------------------------------------------
Tests run: 3, Failures: 1, Errors: 0, Skipped: 2, Time elapsed: 568.56 sec <<< FAILURE!
setUp(com.qa.singleton.PageTest)  Time elapsed: 568.288 sec  <<< FAILURE!
io.github.bonigarcia.wdm.config.WebDriverManagerException: io.github.bonigarcia.wdm.config.WebDriverManagerException: java.net.SocketException: Network is unreachable
	at io.github.bonigarcia.wdm.WebDriverManager.handleException(WebDriverManager.java:777)
	at io.github.bonigarcia.wdm.WebDriverManager.manage(WebDriverManager.java:574)
	at io.github.bonigarcia.wdm.WebDriverManager.fallback(WebDriverManager.java:793)
	at io.github.bonigarcia.wdm.WebDriverManager.handleException(WebDriverManager.java:774)
	at io.github.bonigarcia.wdm.WebDriverManager.manage(WebDriverManager.java:574)
	at io.github.bonigarcia.wdm.WebDriverManager.handleException(WebDriverManager.java:767)
	at io.github.bonigarcia.wdm.WebDriverManager.manage(WebDriverManager.java:574)
	at io.github.bonigarcia.wdm.WebDriverManager.setup(WebDriverManager.java:288)
	at com.qa.singleton.DriverInit.openBrowser(DriverInit.java:18)
	at com.qa.singleton.PageTest.setUp(PageTest.java:15)
Caused by: io.github.bonigarcia.wdm.config.WebDriverManagerException: java.net.SocketException: Network is unreachable
	at io.github.bonigarcia.wdm.WebDriverManager.getDriversFromXml(WebDriverManager.java:916)
	at io.github.bonigarcia.wdm.managers.ChromeDriverManager.getDriverUrls(ChromeDriverManager.java:100)
	at io.github.bonigarcia.wdm.WebDriverManager.createUrlHandler(WebDriverManager.java:798)
	at io.github.bonigarcia.wdm.WebDriverManager.download(WebDriverManager.java:650)
	at io.github.bonigarcia.wdm.WebDriverManager.manage(WebDriverManager.java:568)
	... 49 more
Caused by: java.net.SocketException: Network is unreachable
	at java.base/sun.nio.ch.Net.pollConnect(Native Method)
	at java.base/sun.nio.ch.Net.pollConnectNow(Net.java:669)
	at java.base/sun.nio.ch.NioSocketImpl.timedFinishConnect(NioSocketImpl.java:549)
	at java.base/sun.nio.ch.NioSocketImpl.connect(NioSocketImpl.java:597)
	at java.base/java.net.SocksSocketImpl.connect(SocksSocketImpl.java:333)
	at java.base/java.net.Socket.connect(Socket.java:645)
	at org.apache.hc.client5.http.ssl.SSLConnectionSocketFactory$1.run(SSLConnectionSocketFactory.java:219)
	at java.base/java.security.AccessController.doPrivileged(AccessController.java:554)
	at org.apache.hc.client5.http.ssl.SSLConnectionSocketFactory.connectSocket(SSLConnectionSocketFactory.java:216)
	at org.apache.hc.client5.http.impl.io.DefaultHttpClientConnectionOperator.connect(DefaultHttpClientConnectionOperator.java:148)
	at org.apache.hc.client5.http.impl.io.PoolingHttpClientConnectionManager.connect(PoolingHttpClientConnectionManager.java:409)
	at org.apache.hc.client5.http.impl.classic.InternalExecRuntime.connectEndpoint(InternalExecRuntime.java:164)
	at org.apache.hc.client5.http.impl.classic.InternalExecRuntime.connectEndpoint(InternalExecRuntime.java:174)
	at org.apache.hc.client5.http.impl.classic.ConnectExec.execute(ConnectExec.java:135)
	at org.apache.hc.client5.http.impl.classic.ExecChainElement.execute(ExecChainElement.java:51)
	at org.apache.hc.client5.http.impl.classic.ExecChainElement$1.proceed(ExecChainElement.java:57)
	at org.apache.hc.client5.http.impl.classic.ProtocolExec.execute(ProtocolExec.java:172)
	at org.apache.hc.client5.http.impl.classic.ExecChainElement.execute(ExecChainElement.java:51)
	at org.apache.hc.client5.http.impl.classic.ExecChainElement$1.proceed(ExecChainElement.java:57)
	at org.apache.hc.client5.http.impl.classic.HttpRequestRetryExec.execute(HttpRequestRetryExec.java:93)
	at org.apache.hc.client5.http.impl.classic.ExecChainElement.execute(ExecChainElement.java:51)
	at org.apache.hc.client5.http.impl.classic.ExecChainElement$1.proceed(ExecChainElement.java:57)
	at org.apache.hc.client5.http.impl.classic.ContentCompressionExec.execute(ContentCompressionExec.java:128)
	at org.apache.hc.client5.http.impl.classic.ExecChainElement.execute(ExecChainElement.java:51)
	at org.apache.hc.client5.http.impl.classic.ExecChainElement$1.proceed(ExecChainElement.java:57)
	at org.apache.hc.client5.http.impl.classic.RedirectExec.execute(RedirectExec.java:116)
	at org.apache.hc.client5.http.impl.classic.ExecChainElement.execute(ExecChainElement.java:51)
	at org.apache.hc.client5.http.impl.classic.InternalHttpClient.doExecute(InternalHttpClient.java:178)
	at org.apache.hc.client5.http.impl.classic.CloseableHttpClient.execute(CloseableHttpClient.java:75)
	at org.apache.hc.client5.http.impl.classic.CloseableHttpClient.execute(CloseableHttpClient.java:89)
	at io.github.bonigarcia.wdm.online.HttpClient.execute(HttpClient.java:139)
	at io.github.bonigarcia.wdm.WebDriverManager.getDriversFromXml(WebDriverManager.java:901)
	... 53 more

